[2023-01-12 08:01:32] Code: 0 | Message: fa2\basic\controllers\ModulController::getInstance(): Return value must be of type app\modules\languageselector\Controller, app\modules\basedb\Controller returned | File: /opt/lampp/htdocs/fa2/vendor/fa2/traits/TSingleton.php | Line: 14
[2023-01-12 08:01:32] Code: 2 | Message: require_once(/opt/lampp/htdocs/fa2/vendor/fa2/pages/_error404/indexView.php): Failed to open stream: No such file or directory | File: /opt/lampp/htdocs/fa2/vendor/fa2/ErrorHandler.php | Line: 35
[2023-01-12 08:01:32] Code: 1 | Message: Uncaught Error: Failed opening required '/opt/lampp/htdocs/fa2/vendor/fa2/pages/_error404/indexView.php' (include_path='.:/opt/lampp/lib/php') in /opt/lampp/htdocs/fa2/vendor/fa2/ErrorHandler.php:35
Stack trace:
#0 /opt/lampp/htdocs/fa2/vendor/fa2/ErrorHandler.php(42): fa2\ErrorHandler->displayError(2, 'require_once(/o...', '/opt/lampp/htdo...', 35)
#1 /opt/lampp/htdocs/fa2/vendor/fa2/ErrorHandler.php(35): fa2\ErrorHandler->errorHandler(2, 'require_once(/o...', '/opt/lampp/htdo...', 35)
#2 /opt/lampp/htdocs/fa2/vendor/fa2/ErrorHandler.php(35): require_once('/opt/lampp/htdo...')
#3 /opt/lampp/htdocs/fa2/vendor/fa2/ErrorHandler.php(24): fa2\ErrorHandler->displayError(0, 'fa2\\basic\\contr...', '/opt/lampp/htdo...', 14)
#4 [internal function]: fa2\ErrorHandler->exceptionHandler(Object(TypeError))
#5 {main}
  thrown | File: /opt/lampp/htdocs/fa2/vendor/fa2/ErrorHandler.php | Line: 35
[2023-01-12 08:01:32] Code: 2 | Message: require_once(/opt/lampp/htdocs/fa2/vendor/fa2/pages/_error404/indexView.php): Failed to open stream: No such file or directory | File: /opt/lampp/htdocs/fa2/vendor/fa2/ErrorHandler.php | Line: 35
[2023-01-12 08:06:44] Code: 0 | Message: Class "fa2\basic\controllers\ModulController" not found | File: /opt/lampp/htdocs/fa2/app/modules/languageselector/Controller.php | Line: 7
[2023-01-12 08:06:44] Code: 2 | Message: require_once(/opt/lampp/htdocs/fa2/vendor/fa2/pages/_error404/indexView.php): Failed to open stream: No such file or directory | File: /opt/lampp/htdocs/fa2/vendor/fa2/ErrorHandler.php | Line: 35
[2023-01-12 08:06:44] Code: 1 | Message: Uncaught Error: Failed opening required '/opt/lampp/htdocs/fa2/vendor/fa2/pages/_error404/indexView.php' (include_path='.:/opt/lampp/lib/php') in /opt/lampp/htdocs/fa2/vendor/fa2/ErrorHandler.php:35
Stack trace:
#0 /opt/lampp/htdocs/fa2/vendor/fa2/ErrorHandler.php(42): fa2\ErrorHandler->displayError(2, 'require_once(/o...', '/opt/lampp/htdo...', 35)
#1 /opt/lampp/htdocs/fa2/vendor/fa2/ErrorHandler.php(35): fa2\ErrorHandler->errorHandler(2, 'require_once(/o...', '/opt/lampp/htdo...', 35)
#2 /opt/lampp/htdocs/fa2/vendor/fa2/ErrorHandler.php(35): require_once('/opt/lampp/htdo...')
#3 /opt/lampp/htdocs/fa2/vendor/fa2/ErrorHandler.php(24): fa2\ErrorHandler->displayError(0, 'Class "fa2\\basi...', '/opt/lampp/htdo...', 7)
#4 [internal function]: fa2\ErrorHandler->exceptionHandler(Object(Error))
#5 {main}
  thrown | File: /opt/lampp/htdocs/fa2/vendor/fa2/ErrorHandler.php | Line: 35
[2023-01-12 08:06:44] Code: 2 | Message: require_once(/opt/lampp/htdocs/fa2/vendor/fa2/pages/_error404/indexView.php): Failed to open stream: No such file or directory | File: /opt/lampp/htdocs/fa2/vendor/fa2/ErrorHandler.php | Line: 35
[2023-01-12 08:09:57] Code: 1 | Message: Trait "app\modules\basedb\TSingleton" not found | File: /opt/lampp/htdocs/fa2/app/modules/basedb/Controller.php | Line: 7
[2023-01-12 08:09:57] Code: 2 | Message: require_once(/opt/lampp/htdocs/fa2/vendor/fa2/pages/_error404/indexView.php): Failed to open stream: No such file or directory | File: /opt/lampp/htdocs/fa2/vendor/fa2/ErrorHandler.php | Line: 35
[2023-01-12 08:10:12] Code: 1 | Message: Trait "fa2\treits\TSingleton" not found | File: /opt/lampp/htdocs/fa2/app/modules/basedb/Controller.php | Line: 7
[2023-01-12 08:10:12] Code: 2 | Message: require_once(/opt/lampp/htdocs/fa2/vendor/fa2/pages/_error404/indexView.php): Failed to open stream: No such file or directory | File: /opt/lampp/htdocs/fa2/vendor/fa2/ErrorHandler.php | Line: 35
